[0mGET /js/home_post_comments.js [33m404[0m 64.150 ms - 163[0m
[0mGET /js/chat_engine.js [33m404[0m 5.810 ms - 156[0m
[0mGET /js/home_posts.js [33m404[0m 32.089 ms - 155[0m
[0mGET /js/toggle_likes.js [33m404[0m 30.104 ms - 157[0m
[0mGET / [36m304[0m 74.736 ms - -[0m
[0mGET /js/home_post_comments.js [33m404[0m 2.820 ms - 163[0m
[0mGET /css/layout.css [33m404[0m 12.552 ms - 153[0m
[0mGET /css/header.css [33m404[0m 18.379 ms - 153[0m
[0mGET /css/chatbox.css [33m404[0m 15.988 ms - 154[0m
[0mGET /js/home_posts.js [33m404[0m 10.614 ms - 155[0m
[0mGET /js/toggle_likes.js [33m404[0m 8.511 ms - 157[0m
[0mGET /css/footer.css [33m404[0m 37.417 ms - 153[0m
[0mGET /css/home.css [33m404[0m 39.755 ms - 151[0m
[0mGET /js/chat_engine.js [33m404[0m 8.157 ms - 156[0m
[0mGET / [36m304[0m 38.367 ms - -[0m
[0mGET /js/home_post_comments.js [33m404[0m 3.794 ms - 163[0m
[0mGET /css/layout.css [33m404[0m 10.905 ms - 153[0m
[0mGET /css/header.css [33m404[0m 10.450 ms - 153[0m
[0mGET /css/home.css [33m404[0m 9.965 ms - 151[0m
[0mGET /css/footer.css [33m404[0m 10.281 ms - 153[0m
[0mGET /js/home_posts.js [33m404[0m 9.137 ms - 155[0m
[0mGET /js/toggle_likes.js [33m404[0m 9.152 ms - 157[0m
[0mGET /css/chatbox.css [33m404[0m 32.450 ms - 154[0m
[0mGET /js/chat_engine.js [33m404[0m 9.542 ms - 156[0m
[0mGET /js/home_post_comments.js [33m404[0m 14.303 ms - 163[0m
[0mGET /css/header.css [33m404[0m 6.004 ms - 153[0m
[0mGET /css/layout.css [33m404[0m 13.679 ms - 153[0m
[0mGET /css/footer.css [33m404[0m 11.913 ms - 153[0m
[0mGET /css/home.css [33m404[0m 12.877 ms - 151[0m
[0mGET /css/chatbox.css [33m404[0m 15.391 ms - 154[0m
[0mGET /js/home_posts.js [33m404[0m 17.285 ms - 155[0m
[0mGET /js/toggle_likes.js [33m404[0m 4.138 ms - 157[0m
[0mGET /js/chat_engine.js [33m404[0m 4.782 ms - 156[0m
[0mGET / [36m304[0m 131.175 ms - -[0m
[0mGET /favicon.ico [33m404[0m 12.737 ms - 150[0m
[0mGET /users/sign-in [32m200[0m 11.170 ms - 2172[0m
[0mGET /users/sign-in [36m304[0m 5.873 ms - -[0m
[0mGET /users/sign-in [36m304[0m 7.176 ms - -[0m
[0mGET /users/sign-in [36m304[0m 6.438 ms - -[0m
[0mPOST /users/create-session [36m302[0m 19.718 ms - 46[0m
[0mGET / [32m200[0m 40.180 ms - 11399[0m
[0mPOST /likes/toggle/?id=62d43ab97f2df413c72cca85&type=Comment [32m200[0m 27.938 ms - 58[0m
[0mGET /posts/destroy/62d3a771e6b349c2c65855cb [36m302[0m 25.362 ms - 88[0m
[0mGET / [32m200[0m 29.077 ms - 8303[0m
